<?xml version="1.0" encoding="UTF-8"?>
<!-- Generated by org.testng.reporters.JUnitReportReporter -->
<testsuite hostname="Santhosh-LP" failures="0" tests="5" name="Selenium.TestNG.InvocationCountTest" time="0.029" errors="0" timestamp="2022-03-18T14:28:35 IST" skipped="0">
  <testcase classname="Selenium.TestNG.InvocationCountTest" name="sumOfNum" time="0.013"/>
  <system-out/>
  <testcase classname="Selenium.TestNG.InvocationCountTest" name="sumOfNum" time="0.000"/>
  <system-out/>
  <testcase classname="Selenium.TestNG.InvocationCountTest" name="sumOfNum" time="0.003"/>
  <system-out/>
  <testcase classname="Selenium.TestNG.InvocationCountTest" name="sumOfNum" time="0.009"/>
  <system-out/>
  <testcase classname="Selenium.TestNG.InvocationCountTest" name="sumOfNum" time="0.004"/>
  <system-out/>
</testsuite> <!-- Selenium.TestNG.InvocationCountTest -->
