<?xml version="1.0" encoding="UTF-8"?>
<!-- Generated by org.testng.reporters.JUnitReportReporter -->
<testsuite hostname="Santhosh-LP" failures="0" tests="1" name="Selenium.TestNG.TestNGBasics" time="0.001" errors="0" timestamp="2022-03-18T14:28:35 IST" skipped="0">
  <testcase classname="Selenium.TestNG.TestNGBasics" name="googleTest" time="0.001"/>
  <system-out/>
</testsuite> <!-- Selenium.TestNG.TestNGBasics -->
