<?xml version="1.0" encoding="UTF-8"?>
<!-- Generated by org.testng.reporters.JUnitReportReporter -->
<testsuite hostname="Santhosh-LP" failures="0" tests="1" name="ParameterTest.ParameterTest1" time="7.938" errors="0" timestamp="2023-01-20T19:02:52 IST" skipped="0">
  <testcase classname="ParameterTest.ParameterTest1" name="yahooSignIn" time="7.938"/>
  <system-out/>
</testsuite> <!-- ParameterTest.ParameterTest1 -->
