<?xml version="1.0" encoding="UTF-8"?>
<!-- Generated by org.testng.reporters.JUnitReportReporter -->
<testsuite hostname="Santhosh-LP" failures="0" tests="6" name="Selenium.TestNG.GoogleTest" time="29.601" errors="0" timestamp="2022-03-18T14:28:35 IST" skipped="0">
  <testcase classname="Selenium.TestNG.GoogleTest" name="googleTitleTest" time="3.389"/>
  <system-out/>
  <testcase classname="Selenium.TestNG.GoogleTest" name="mailLink" time="2.802"/>
  <system-out/>
  <testcase classname="Selenium.TestNG.GoogleTest" name="logoTest" time="2.709"/>
  <system-out/>
  <testcase classname="Selenium.TestNG.GoogleTest" name="test1" time="13.635"/>
  <system-out/>
  <testcase classname="Selenium.TestNG.GoogleTest" name="test2" time="2.690"/>
  <system-out/>
  <testcase classname="Selenium.TestNG.GoogleTest" name="test3" time="4.376"/>
  <system-out/>
</testsuite> <!-- Selenium.TestNG.GoogleTest -->
